{"/Users/gregoryerasmus/Desktop/exercism/linked-list/src/LinkedList.js": {"path":"/Users/gregoryerasmus/Desktop/exercism/linked-list/src/LinkedList.js","statementMap":{"0":{"start":{"line":3,"column":8},"end":{"line":3,"column":24}},"1":{"start":{"line":4,"column":8},"end":{"line":4,"column":23}},"2":{"start":{"line":8,"column":24},"end":{"line":8,"column":60}},"3":{"start":{"line":9,"column":8},"end":{"line":9,"column":27}},"4":{"start":{"line":10,"column":8},"end":{"line":10,"column":21}},"5":{"start":{"line":14,"column":8},"end":{"line":14,"column":50}},"6":{"start":{"line":14,"column":25},"end":{"line":14,"column":50}},"7":{"start":{"line":16,"column":21},"end":{"line":16,"column":47}},"8":{"start":{"line":17,"column":8},"end":{"line":17,"column":38}},"9":{"start":{"line":17,"column":27},"end":{"line":17,"column":38}},"10":{"start":{"line":19,"column":8},"end":{"line":19,"column":56}},"11":{"start":{"line":20,"column":8},"end":{"line":20,"column":21}},"12":{"start":{"line":24,"column":8},"end":{"line":24,"column":34}},"13":{"start":{"line":25,"column":8},"end":{"line":25,"column":21}},"14":{"start":{"line":29,"column":8},"end":{"line":29,"column":49}},"15":{"start":{"line":29,"column":25},"end":{"line":29,"column":49}},"16":{"start":{"line":31,"column":21},"end":{"line":31,"column":47}},"17":{"start":{"line":32,"column":8},"end":{"line":32,"column":38}},"18":{"start":{"line":32,"column":27},"end":{"line":32,"column":38}},"19":{"start":{"line":34,"column":8},"end":{"line":34,"column":34}},"20":{"start":{"line":35,"column":8},"end":{"line":35,"column":21}},"21":{"start":{"line":39,"column":8},"end":{"line":39,"column":58}},"22":{"start":{"line":39,"column":47},"end":{"line":39,"column":58}},"23":{"start":{"line":41,"column":22},"end":{"line":41,"column":31}},"24":{"start":{"line":42,"column":8},"end":{"line":44,"column":9}},"25":{"start":{"line":42,"column":21},"end":{"line":42,"column":22}},"26":{"start":{"line":43,"column":12},"end":{"line":43,"column":34}},"27":{"start":{"line":46,"column":8},"end":{"line":46,"column":22}},"28":{"start":{"line":53,"column":21},"end":{"line":53,"column":23}},"29":{"start":{"line":54,"column":22},"end":{"line":54,"column":31}},"30":{"start":{"line":55,"column":8},"end":{"line":58,"column":9}},"31":{"start":{"line":56,"column":12},"end":{"line":56,"column":52}},"32":{"start":{"line":57,"column":12},"end":{"line":57,"column":34}},"33":{"start":{"line":60,"column":8},"end":{"line":60,"column":36}},"34":{"start":{"line":67,"column":0},"end":{"line":73,"column":1}},"35":{"start":{"line":68,"column":17},"end":{"line":68,"column":33}},"36":{"start":{"line":69,"column":4},"end":{"line":71,"column":5}},"37":{"start":{"line":69,"column":17},"end":{"line":69,"column":34}},"38":{"start":{"line":70,"column":8},"end":{"line":70,"column":30}},"39":{"start":{"line":72,"column":4},"end":{"line":72,"column":15}},"40":{"start":{"line":77,"column":8},"end":{"line":77,"column":26}},"41":{"start":{"line":78,"column":8},"end":{"line":78,"column":24}},"42":{"start":{"line":82,"column":0},"end":{"line":82,"column":27}}},"fnMap":{"0":{"name":"(anonymous_0)","decl":{"start":{"line":2,"column":4},"end":{"line":2,"column":5}},"loc":{"start":{"line":2,"column":18},"end":{"line":5,"column":5}},"line":2},"1":{"name":"(anonymous_1)","decl":{"start":{"line":7,"column":4},"end":{"line":7,"column":5}},"loc":{"start":{"line":7,"column":18},"end":{"line":11,"column":5}},"line":7},"2":{"name":"(anonymous_2)","decl":{"start":{"line":13,"column":4},"end":{"line":13,"column":5}},"loc":{"start":{"line":13,"column":32},"end":{"line":21,"column":5}},"line":13},"3":{"name":"(anonymous_3)","decl":{"start":{"line":23,"column":4},"end":{"line":23,"column":5}},"loc":{"start":{"line":23,"column":17},"end":{"line":26,"column":5}},"line":23},"4":{"name":"(anonymous_4)","decl":{"start":{"line":28,"column":4},"end":{"line":28,"column":5}},"loc":{"start":{"line":28,"column":25},"end":{"line":36,"column":5}},"line":28},"5":{"name":"(anonymous_5)","decl":{"start":{"line":38,"column":4},"end":{"line":38,"column":5}},"loc":{"start":{"line":38,"column":22},"end":{"line":47,"column":5}},"line":38},"6":{"name":"(anonymous_6)","decl":{"start":{"line":52,"column":4},"end":{"line":52,"column":5}},"loc":{"start":{"line":52,"column":12},"end":{"line":61,"column":5}},"line":52},"7":{"name":"(anonymous_7)","decl":{"start":{"line":67,"column":24},"end":{"line":67,"column":25}},"loc":{"start":{"line":67,"column":39},"end":{"line":73,"column":1}},"line":67},"8":{"name":"(anonymous_8)","decl":{"start":{"line":76,"column":4},"end":{"line":76,"column":5}},"loc":{"start":{"line":76,"column":29},"end":{"line":79,"column":5}},"line":76}},"branchMap":{"0":{"loc":{"start":{"line":14,"column":8},"end":{"line":14,"column":50}},"type":"if","locations":[{"start":{"line":14,"column":8},"end":{"line":14,"column":50}},{"start":{"line":14,"column":8},"end":{"line":14,"column":50}}],"line":14},"1":{"loc":{"start":{"line":17,"column":8},"end":{"line":17,"column":38}},"type":"if","locations":[{"start":{"line":17,"column":8},"end":{"line":17,"column":38}},{"start":{"line":17,"column":8},"end":{"line":17,"column":38}}],"line":17},"2":{"loc":{"start":{"line":29,"column":8},"end":{"line":29,"column":49}},"type":"if","locations":[{"start":{"line":29,"column":8},"end":{"line":29,"column":49}},{"start":{"line":29,"column":8},"end":{"line":29,"column":49}}],"line":29},"3":{"loc":{"start":{"line":32,"column":8},"end":{"line":32,"column":38}},"type":"if","locations":[{"start":{"line":32,"column":8},"end":{"line":32,"column":38}},{"start":{"line":32,"column":8},"end":{"line":32,"column":38}}],"line":32},"4":{"loc":{"start":{"line":39,"column":8},"end":{"line":39,"column":58}},"type":"if","locations":[{"start":{"line":39,"column":8},"end":{"line":39,"column":58}},{"start":{"line":39,"column":8},"end":{"line":39,"column":58}}],"line":39},"5":{"loc":{"start":{"line":39,"column":12},"end":{"line":39,"column":45}},"type":"binary-expr","locations":[{"start":{"line":39,"column":12},"end":{"line":39,"column":21}},{"start":{"line":39,"column":25},"end":{"line":39,"column":45}}],"line":39}},"s":{"0":14,"1":14,"2":37,"3":37,"4":37,"5":4,"6":1,"7":3,"8":3,"9":2,"10":1,"11":1,"12":2,"13":2,"14":4,"15":1,"16":3,"17":3,"18":2,"19":1,"20":1,"21":12,"22":6,"23":6,"24":6,"25":6,"26":7,"27":6,"28":0,"29":0,"30":0,"31":0,"32":0,"33":0,"34":1,"35":13,"36":13,"37":13,"38":34,"39":13,"40":38,"41":38,"42":1},"f":{"0":14,"1":37,"2":4,"3":2,"4":4,"5":12,"6":0,"7":13,"8":38},"b":{"0":[1,3],"1":[2,1],"2":[1,3],"3":[2,1],"4":[6,6],"5":[12,9]},"_coverageSchema":"1a1c01bbd47fc00a2c39e90264f33305004495a9","hash":"6a80a528e44a6b7cad35c714dc06dca27f73cbf8"}
}
