TN:
SF:src/LinkedList.js
FN:2,(anonymous_0)
FN:7,(anonymous_1)
FN:13,(anonymous_2)
FN:23,(anonymous_3)
FN:28,(anonymous_4)
FN:38,(anonymous_5)
FN:52,(anonymous_6)
FN:67,(anonymous_7)
FN:76,(anonymous_8)
FNF:9
FNH:8
FNDA:14,(anonymous_0)
FNDA:37,(anonymous_1)
FNDA:4,(anonymous_2)
FNDA:2,(anonymous_3)
FNDA:4,(anonymous_4)
FNDA:12,(anonymous_5)
FNDA:0,(anonymous_6)
FNDA:13,(anonymous_7)
FNDA:38,(anonymous_8)
DA:3,14
DA:4,14
DA:8,37
DA:9,37
DA:10,37
DA:14,4
DA:16,3
DA:17,3
DA:19,1
DA:20,1
DA:24,2
DA:25,2
DA:29,4
DA:31,3
DA:32,3
DA:34,1
DA:35,1
DA:39,12
DA:41,6
DA:42,6
DA:43,7
DA:46,6
DA:53,0
DA:54,0
DA:55,0
DA:56,0
DA:57,0
DA:60,0
DA:67,1
DA:68,13
DA:69,13
DA:70,34
DA:72,13
DA:77,38
DA:78,38
DA:82,1
LF:36
LH:30
BRDA:14,0,0,1
BRDA:14,0,1,3
BRDA:17,1,0,2
BRDA:17,1,1,1
BRDA:29,2,0,1
BRDA:29,2,1,3
BRDA:32,3,0,2
BRDA:32,3,1,1
BRDA:39,4,0,6
BRDA:39,4,1,6
BRDA:39,5,0,12
BRDA:39,5,1,9
BRF:12
BRH:12
end_of_record
